
Feb 16, 2018 15:17:10.22 NEW SESSION
Feb 16, 2018 15:17:10.22 [3632:1448:0216/151710.222:ERROR:backend_impl.cc(1055)] Critical error found -8
Feb 16, 2018 15:17:10.22 [3632:1448:0216/151710.223:ERROR:entry_impl.cc(1037)] No file for a0013b77
Feb 16, 2018 15:17:13.69 [3632:1448:0216/151713.690:ERROR:backend_impl.cc(1055)] Critical error found -8
Feb 16, 2018 15:17:13.69 [3632:1448:0216/151713.691:ERROR:entry_impl.cc(962)] Failed to save user data
Feb 16, 2018 15:18:06.22 [3632:4560:0216/151806.224:ERROR:persistent_memory_allocator.cc(844)] Corruption detected in shared-memory segment.
Feb 16, 2018 15:19:07.25 [3632:3564:0216/151907.258:ERROR:process_metrics.cc(105)] NOT IMPLEMENTED
Feb 16, 2018 15:19:07.25 [3632:3564:0216/151907.258:ERROR:process_metrics.cc(105)] NOT IMPLEMENTED
Feb 16, 2018 15:19:07.26 [3632:3564:0216/151907.258:ERROR:process_metrics.cc(105)] NOT IMPLEMENTED
Feb 16, 2018 15:21:07.26 [3632:3564:0216/152107.261:ERROR:process_metrics.cc(105)] NOT IMPLEMENTED
Feb 16, 2018 15:21:07.26 [3632:3564:0216/152107.261:ERROR:process_metrics.cc(105)] NOT IMPLEMENTED
Feb 16, 2018 15:21:07.26 [3632:3564:0216/152107.261:ERROR:process_metrics.cc(105)] NOT IMPLEMENTED
Feb 16, 2018 15:23:07.26 [3632:3564:0216/152307.263:ERROR:process_metrics.cc(105)] NOT IMPLEMENTED
Feb 16, 2018 15:23:07.26 [3632:3564:0216/152307.263:ERROR:process_metrics.cc(105)] NOT IMPLEMENTED
Feb 16, 2018 15:23:07.26 [3632:3564:0216/152307.263:ERROR:process_metrics.cc(105)] NOT IMPLEMENTED
Feb 16, 2018 15:23:07.26 [3632:3564:0216/152307.263:ERROR:process_metrics.cc(105)] NOT IMPLEMENTED
Feb 16, 2018 15:23:18.85 [3632:1448:0216/152318.849:ERROR:backend_impl.cc(1055)] Critical error found -8
Feb 16, 2018 15:25:07.26 [3632:3564:0216/152507.266:ERROR:process_metrics.cc(105)] NOT IMPLEMENTED
Feb 16, 2018 15:25:07.26 [3632:3564:0216/152507.266:ERROR:process_metrics.cc(105)] NOT IMPLEMENTED
Feb 16, 2018 15:25:07.26 [3632:3564:0216/152507.266:ERROR:process_metrics.cc(105)] NOT IMPLEMENTED
Feb 16, 2018 15:25:07.26 [3632:3564:0216/152507.266:ERROR:process_metrics.cc(105)] NOT IMPLEMENTED
Feb 16, 2018 15:27:07.29 [3632:3564:0216/152707.292:ERROR:process_metrics.cc(105)] NOT IMPLEMENTED
Feb 16, 2018 15:27:07.29 [3632:3564:0216/152707.292:ERROR:process_metrics.cc(105)] NOT IMPLEMENTED
Feb 16, 2018 15:27:07.29 [3632:3564:0216/152707.292:ERROR:process_metrics.cc(105)] NOT IMPLEMENTED
Feb 16, 2018 15:27:07.29 [3632:3564:0216/152707.292:ERROR:process_metrics.cc(105)] NOT IMPLEMENTED
Feb 16, 2018 15:29:07.29 [3632:3564:0216/152907.295:ERROR:process_metrics.cc(105)] NOT IMPLEMENTED
Feb 16, 2018 15:29:07.29 [3632:3564:0216/152907.295:ERROR:process_metrics.cc(105)] NOT IMPLEMENTED
Feb 16, 2018 15:29:07.29 [3632:3564:0216/152907.295:ERROR:process_metrics.cc(105)] NOT IMPLEMENTED
Feb 16, 2018 15:29:07.29 [3632:3564:0216/152907.295:ERROR:process_metrics.cc(105)] NOT IMPLEMENTED
Feb 16, 2018 15:31:07.30 [3632:3564:0216/153107.303:ERROR:process_metrics.cc(105)] NOT IMPLEMENTED
Feb 16, 2018 15:31:07.30 [3632:3564:0216/153107.303:ERROR:process_metrics.cc(105)] NOT IMPLEMENTED
Feb 16, 2018 15:31:07.30 [3632:3564:0216/153107.303:ERROR:process_metrics.cc(105)] NOT IMPLEMENTED
Feb 16, 2018 15:31:07.30 [3632:3564:0216/153107.303:ERROR:process_metrics.cc(105)] NOT IMPLEMENTED
Feb 16, 2018 15:33:07.30 [3632:3564:0216/153307.304:ERROR:process_metrics.cc(105)] NOT IMPLEMENTED
Feb 16, 2018 15:33:07.30 [3632:3564:0216/153307.304:ERROR:process_metrics.cc(105)] NOT IMPLEMENTED
Feb 16, 2018 15:33:07.30 [3632:3564:0216/153307.304:ERROR:process_metrics.cc(105)] NOT IMPLEMENTED
Feb 16, 2018 15:33:07.30 [3632:3564:0216/153307.304:ERROR:process_metrics.cc(105)] NOT IMPLEMENTED
Feb 16, 2018 15:33:07.30 [3632:3564:0216/153307.304:ERROR:process_metrics.cc(105)] NOT IMPLEMENTED
Feb 16, 2018 15:35:07.30 [3632:3564:0216/153507.309:ERROR:process_metrics.cc(105)] NOT IMPLEMENTED
Feb 16, 2018 15:35:07.30 [3632:3564:0216/153507.309:ERROR:process_metrics.cc(105)] NOT IMPLEMENTED
Feb 16, 2018 15:35:07.30 [3632:3564:0216/153507.309:ERROR:process_metrics.cc(105)] NOT IMPLEMENTED
Feb 16, 2018 15:35:07.30 [3632:3564:0216/153507.309:ERROR:process_metrics.cc(105)] NOT IMPLEMENTED
Feb 16, 2018 15:35:07.30 [3632:3564:0216/153507.309:ERROR:process_metrics.cc(105)] NOT IMPLEMENTED
Feb 16, 2018 15:35:07.30 [3632:3564:0216/153507.309:ERROR:process_metrics.cc(105)] NOT IMPLEMENTED
Feb 16, 2018 15:37:07.31 [3632:3564:0216/153707.319:ERROR:process_metrics.cc(105)] NOT IMPLEMENTED
Feb 16, 2018 15:37:07.31 [3632:3564:0216/153707.319:ERROR:process_metrics.cc(105)] NOT IMPLEMENTED
Feb 16, 2018 15:37:07.31 [3632:3564:0216/153707.319:ERROR:process_metrics.cc(105)] NOT IMPLEMENTED
Feb 16, 2018 15:37:07.31 [3632:3564:0216/153707.319:ERROR:process_metrics.cc(105)] NOT IMPLEMENTED
Feb 16, 2018 15:37:07.31 [3632:3564:0216/153707.319:ERROR:process_metrics.cc(105)] NOT IMPLEMENTED
Feb 16, 2018 15:37:07.31 [3632:3564:0216/153707.319:ERROR:process_metrics.cc(105)] NOT IMPLEMENTED
Feb 16, 2018 15:39:07.32 [3632:3564:0216/153907.325:ERROR:process_metrics.cc(105)] NOT IMPLEMENTED
Feb 16, 2018 15:39:07.32 [3632:3564:0216/153907.325:ERROR:process_metrics.cc(105)] NOT IMPLEMENTED
Feb 16, 2018 15:39:07.32 [3632:3564:0216/153907.325:ERROR:process_metrics.cc(105)] NOT IMPLEMENTED
Feb 16, 2018 15:39:07.32 [3632:3564:0216/153907.325:ERROR:process_metrics.cc(105)] NOT IMPLEMENTED
Feb 16, 2018 15:39:07.32 [3632:3564:0216/153907.325:ERROR:process_metrics.cc(105)] NOT IMPLEMENTED
Feb 16, 2018 15:39:07.32 [3632:3564:0216/153907.325:ERROR:process_metrics.cc(105)] NOT IMPLEMENTED
Feb 16, 2018 15:41:07.33 [3632:3564:0216/154107.334:ERROR:process_metrics.cc(105)] NOT IMPLEMENTED
Feb 16, 2018 15:41:07.33 [3632:3564:0216/154107.334:ERROR:process_metrics.cc(105)] NOT IMPLEMENTED
Feb 16, 2018 15:41:07.33 [3632:3564:0216/154107.334:ERROR:process_metrics.cc(105)] NOT IMPLEMENTED
Feb 16, 2018 15:41:07.33 [3632:3564:0216/154107.334:ERROR:process_metrics.cc(105)] NOT IMPLEMENTED
Feb 16, 2018 15:41:07.33 [3632:3564:0216/154107.334:ERROR:process_metrics.cc(105)] NOT IMPLEMENTED
Feb 16, 2018 15:41:07.33 [3632:3564:0216/154107.334:ERROR:process_metrics.cc(105)] NOT IMPLEMENTED
Feb 16, 2018 15:43:07.33 [3632:3564:0216/154307.338:ERROR:process_metrics.cc(105)] NOT IMPLEMENTED
Feb 16, 2018 15:43:07.33 [3632:3564:0216/154307.338:ERROR:process_metrics.cc(105)] NOT IMPLEMENTED
Feb 16, 2018 15:43:07.33 [3632:3564:0216/154307.338:ERROR:process_metrics.cc(105)] NOT IMPLEMENTED
Feb 16, 2018 15:43:07.33 [3632:3564:0216/154307.338:ERROR:process_metrics.cc(105)] NOT IMPLEMENTED
Feb 16, 2018 15:43:07.33 [3632:3564:0216/154307.338:ERROR:process_metrics.cc(105)] NOT IMPLEMENTED
Feb 16, 2018 15:43:07.33 [3632:3564:0216/154307.338:ERROR:process_metrics.cc(105)] NOT IMPLEMENTED
Feb 16, 2018 15:45:07.34 [3632:3564:0216/154507.341:ERROR:process_metrics.cc(105)] NOT IMPLEMENTED
Feb 16, 2018 15:45:07.34 [3632:3564:0216/154507.341:ERROR:process_metrics.cc(105)] NOT IMPLEMENTED
Feb 16, 2018 15:45:07.34 [3632:3564:0216/154507.341:ERROR:process_metrics.cc(105)] NOT IMPLEMENTED
Feb 16, 2018 15:45:07.34 [3632:3564:0216/154507.341:ERROR:process_metrics.cc(105)] NOT IMPLEMENTED
Feb 16, 2018 15:45:07.34 [3632:3564:0216/154507.341:ERROR:process_metrics.cc(105)] NOT IMPLEMENTED
Feb 16, 2018 15:45:07.34 [3632:3564:0216/154507.341:ERROR:process_metrics.cc(105)] NOT IMPLEMENTED
Feb 16, 2018 15:45:07.34 [3632:3564:0216/154507.341:ERROR:process_metrics.cc(105)] NOT IMPLEMENTED
Feb 16, 2018 15:45:12.39 [3632:3564:0216/154512.393:ERROR:service_manager.cc(157)] Connection InterfaceProviderSpec prevented service: content_renderer from binding interface: blink::mojom::ReportingServiceProxy exposed by: content_browser
Feb 16, 2018 15:47:07.35 [3632:3564:0216/154707.350:ERROR:process_metrics.cc(105)] NOT IMPLEMENTED
Feb 16, 2018 15:47:07.35 [3632:3564:0216/154707.350:ERROR:process_metrics.cc(105)] NOT IMPLEMENTED
Feb 16, 2018 15:47:07.35 [3632:3564:0216/154707.350:ERROR:process_metrics.cc(105)] NOT IMPLEMENTED
Feb 16, 2018 15:47:07.35 [3632:3564:0216/154707.350:ERROR:process_metrics.cc(105)] NOT IMPLEMENTED
Feb 16, 2018 15:47:07.35 [3632:3564:0216/154707.350:ERROR:process_metrics.cc(105)] NOT IMPLEMENTED
Feb 16, 2018 15:47:07.35 [3632:3564:0216/154707.350:ERROR:process_metrics.cc(105)] NOT IMPLEMENTED
Feb 16, 2018 15:47:07.35 [3632:3564:0216/154707.350:ERROR:process_metrics.cc(105)] NOT IMPLEMENTED
Feb 16, 2018 15:49:07.35 [3632:3564:0216/154907.355:ERROR:process_metrics.cc(105)] NOT IMPLEMENTED
Feb 16, 2018 15:49:07.35 [3632:3564:0216/154907.355:ERROR:process_metrics.cc(105)] NOT IMPLEMENTED
Feb 16, 2018 15:49:07.35 [3632:3564:0216/154907.355:ERROR:process_metrics.cc(105)] NOT IMPLEMENTED
Feb 16, 2018 15:49:07.35 [3632:3564:0216/154907.355:ERROR:process_metrics.cc(105)] NOT IMPLEMENTED
Feb 16, 2018 15:49:07.35 [3632:3564:0216/154907.355:ERROR:process_metrics.cc(105)] NOT IMPLEMENTED
Feb 16, 2018 15:49:07.35 [3632:3564:0216/154907.355:ERROR:process_metrics.cc(105)] NOT IMPLEMENTED
Feb 16, 2018 15:49:07.35 [3632:3564:0216/154907.355:ERROR:process_metrics.cc(105)] NOT IMPLEMENTED
Feb 16, 2018 15:51:07.36 [3632:3564:0216/155107.364:ERROR:process_metrics.cc(105)] NOT IMPLEMENTED
Feb 16, 2018 15:51:07.36 [3632:3564:0216/155107.364:ERROR:process_metrics.cc(105)] NOT IMPLEMENTED
Feb 16, 2018 15:51:07.36 [3632:3564:0216/155107.364:ERROR:process_metrics.cc(105)] NOT IMPLEMENTED
Feb 16, 2018 15:51:07.36 [3632:3564:0216/155107.364:ERROR:process_metrics.cc(105)] NOT IMPLEMENTED
Feb 16, 2018 15:51:07.36 [3632:3564:0216/155107.364:ERROR:process_metrics.cc(105)] NOT IMPLEMENTED
Feb 16, 2018 15:51:07.36 [3632:3564:0216/155107.364:ERROR:process_metrics.cc(105)] NOT IMPLEMENTED
Feb 16, 2018 15:51:07.36 [3632:3564:0216/155107.364:ERROR:process_metrics.cc(105)] NOT IMPLEMENTED
Feb 16, 2018 15:53:07.40 [3632:3564:0216/155307.404:ERROR:process_metrics.cc(105)] NOT IMPLEMENTED
Feb 16, 2018 15:53:07.40 [3632:3564:0216/155307.404:ERROR:process_metrics.cc(105)] NOT IMPLEMENTED
Feb 16, 2018 15:53:07.40 [3632:3564:0216/155307.404:ERROR:process_metrics.cc(105)] NOT IMPLEMENTED
Feb 16, 2018 15:53:07.40 [3632:3564:0216/155307.404:ERROR:process_metrics.cc(105)] NOT IMPLEMENTED
Feb 16, 2018 15:53:07.40 [3632:3564:0216/155307.404:ERROR:process_metrics.cc(105)] NOT IMPLEMENTED
Feb 16, 2018 15:53:07.40 [3632:3564:0216/155307.404:ERROR:process_metrics.cc(105)] NOT IMPLEMENTED
Feb 16, 2018 15:53:07.40 [3632:3564:0216/155307.404:ERROR:process_metrics.cc(105)] NOT IMPLEMENTED
Feb 16, 2018 15:55:07.41 [3632:3564:0216/155507.414:ERROR:process_metrics.cc(105)] NOT IMPLEMENTED
Feb 16, 2018 15:55:07.41 [3632:3564:0216/155507.414:ERROR:process_metrics.cc(105)] NOT IMPLEMENTED
Feb 16, 2018 15:55:07.41 [3632:3564:0216/155507.414:ERROR:process_metrics.cc(105)] NOT IMPLEMENTED
Feb 16, 2018 15:55:07.41 [3632:3564:0216/155507.414:ERROR:process_metrics.cc(105)] NOT IMPLEMENTED
Feb 16, 2018 15:55:07.41 [3632:3564:0216/155507.414:ERROR:process_metrics.cc(105)] NOT IMPLEMENTED
Feb 16, 2018 15:55:07.41 [3632:3564:0216/155507.414:ERROR:process_metrics.cc(105)] NOT IMPLEMENTED
Feb 16, 2018 15:55:07.41 [3632:3564:0216/155507.414:ERROR:process_metrics.cc(105)] NOT IMPLEMENTED
Feb 16, 2018 15:57:07.42 [3632:3564:0216/155707.423:ERROR:process_metrics.cc(105)] NOT IMPLEMENTED
Feb 16, 2018 15:57:07.42 [3632:3564:0216/155707.423:ERROR:process_metrics.cc(105)] NOT IMPLEMENTED
Feb 16, 2018 15:57:07.42 [3632:3564:0216/155707.423:ERROR:process_metrics.cc(105)] NOT IMPLEMENTED
Feb 16, 2018 15:57:07.42 [3632:3564:0216/155707.423:ERROR:process_metrics.cc(105)] NOT IMPLEMENTED
Feb 16, 2018 15:57:07.42 [3632:3564:0216/155707.423:ERROR:process_metrics.cc(105)] NOT IMPLEMENTED
Feb 16, 2018 15:57:07.42 [3632:3564:0216/155707.423:ERROR:process_metrics.cc(105)] NOT IMPLEMENTED
Feb 16, 2018 15:57:07.42 [3632:3564:0216/155707.423:ERROR:process_metrics.cc(105)] NOT IMPLEMENTED
Feb 16, 2018 15:57:07.42 [3632:3564:0216/155707.423:ERROR:process_metrics.cc(105)] NOT IMPLEMENTED
Feb 16, 2018 15:57:07.42 [3632:3564:0216/155707.423:ERROR:process_metrics.cc(105)] NOT IMPLEMENTED
Feb 16, 2018 15:59:07.42 [3632:3564:0216/155907.428:ERROR:process_metrics.cc(105)] NOT IMPLEMENTED
Feb 16, 2018 15:59:07.42 [3632:3564:0216/155907.428:ERROR:process_metrics.cc(105)] NOT IMPLEMENTED
Feb 16, 2018 15:59:07.42 [3632:3564:0216/155907.428:ERROR:process_metrics.cc(105)] NOT IMPLEMENTED
Feb 16, 2018 15:59:07.42 [3632:3564:0216/155907.428:ERROR:process_metrics.cc(105)] NOT IMPLEMENTED
Feb 16, 2018 15:59:07.42 [3632:3564:0216/155907.428:ERROR:process_metrics.cc(105)] NOT IMPLEMENTED
Feb 16, 2018 15:59:07.42 [3632:3564:0216/155907.428:ERROR:process_metrics.cc(105)] NOT IMPLEMENTED
Feb 16, 2018 15:59:07.42 [3632:3564:0216/155907.428:ERROR:process_metrics.cc(105)] NOT IMPLEMENTED
Feb 16, 2018 15:59:07.42 [3632:3564:0216/155907.428:ERROR:process_metrics.cc(105)] NOT IMPLEMENTED
Feb 16, 2018 16:01:07.43 [3632:3564:0216/160107.433:ERROR:process_metrics.cc(105)] NOT IMPLEMENTED
Feb 16, 2018 16:01:07.43 [3632:3564:0216/160107.433:ERROR:process_metrics.cc(105)] NOT IMPLEMENTED
Feb 16, 2018 16:01:07.43 [3632:3564:0216/160107.433:ERROR:process_metrics.cc(105)] NOT IMPLEMENTED
Feb 16, 2018 16:01:07.43 [3632:3564:0216/160107.433:ERROR:process_metrics.cc(105)] NOT IMPLEMENTED
Feb 16, 2018 16:01:07.43 [3632:3564:0216/160107.433:ERROR:process_metrics.cc(105)] NOT IMPLEMENTED
Feb 16, 2018 16:01:07.43 [3632:3564:0216/160107.433:ERROR:process_metrics.cc(105)] NOT IMPLEMENTED
Feb 16, 2018 16:01:07.43 [3632:3564:0216/160107.433:ERROR:process_metrics.cc(105)] NOT IMPLEMENTED
Feb 16, 2018 16:01:07.43 [3632:3564:0216/160107.433:ERROR:process_metrics.cc(105)] NOT IMPLEMENTED
Feb 16, 2018 16:01:07.43 [3632:3564:0216/160107.433:ERROR:process_metrics.cc(105)] NOT IMPLEMENTED
Feb 16, 2018 16:03:07.43 [3632:3564:0216/160307.438:ERROR:process_metrics.cc(105)] NOT IMPLEMENTED
Feb 16, 2018 16:03:07.43 [3632:3564:0216/160307.438:ERROR:process_metrics.cc(105)] NOT IMPLEMENTED
Feb 16, 2018 16:03:07.43 [3632:3564:0216/160307.438:ERROR:process_metrics.cc(105)] NOT IMPLEMENTED
Feb 16, 2018 16:03:07.43 [3632:3564:0216/160307.438:ERROR:process_metrics.cc(105)] NOT IMPLEMENTED
Feb 16, 2018 16:03:07.43 [3632:3564:0216/160307.438:ERROR:process_metrics.cc(105)] NOT IMPLEMENTED
Feb 16, 2018 16:03:07.43 [3632:3564:0216/160307.438:ERROR:process_metrics.cc(105)] NOT IMPLEMENTED
Feb 16, 2018 16:03:07.43 [3632:3564:0216/160307.438:ERROR:process_metrics.cc(105)] NOT IMPLEMENTED
Feb 16, 2018 16:03:07.43 [3632:3564:0216/160307.438:ERROR:process_metrics.cc(105)] NOT IMPLEMENTED
Feb 16, 2018 16:03:07.43 [3632:3564:0216/160307.438:ERROR:process_metrics.cc(105)] NOT IMPLEMENTED
Feb 16, 2018 16:05:07.45 [3632:3564:0216/160507.450:ERROR:process_metrics.cc(105)] NOT IMPLEMENTED
Feb 16, 2018 16:05:07.45 [3632:3564:0216/160507.450:ERROR:process_metrics.cc(105)] NOT IMPLEMENTED
Feb 16, 2018 16:05:07.45 [3632:3564:0216/160507.450:ERROR:process_metrics.cc(105)] NOT IMPLEMENTED
Feb 16, 2018 16:05:07.45 [3632:3564:0216/160507.450:ERROR:process_metrics.cc(105)] NOT IMPLEMENTED
Feb 16, 2018 16:05:07.45 [3632:3564:0216/160507.450:ERROR:process_metrics.cc(105)] NOT IMPLEMENTED
Feb 16, 2018 16:05:07.45 [3632:3564:0216/160507.450:ERROR:process_metrics.cc(105)] NOT IMPLEMENTED
Feb 16, 2018 16:05:07.45 [3632:3564:0216/160507.450:ERROR:process_metrics.cc(105)] NOT IMPLEMENTED
Feb 16, 2018 16:05:07.45 [3632:3564:0216/160507.450:ERROR:process_metrics.cc(105)] NOT IMPLEMENTED
Feb 16, 2018 16:05:07.45 [3632:3564:0216/160507.450:ERROR:process_metrics.cc(105)] NOT IMPLEMENTED
Feb 16, 2018 16:07:07.45 [3632:3564:0216/160707.459:ERROR:process_metrics.cc(105)] NOT IMPLEMENTED
Feb 16, 2018 16:07:07.45 [3632:3564:0216/160707.459:ERROR:process_metrics.cc(105)] NOT IMPLEMENTED
Feb 16, 2018 16:07:07.45 [3632:3564:0216/160707.459:ERROR:process_metrics.cc(105)] NOT IMPLEMENTED
Feb 16, 2018 16:07:07.45 [3632:3564:0216/160707.459:ERROR:process_metrics.cc(105)] NOT IMPLEMENTED
Feb 16, 2018 16:07:07.45 [3632:3564:0216/160707.459:ERROR:process_metrics.cc(105)] NOT IMPLEMENTED
Feb 16, 2018 16:07:07.45 [3632:3564:0216/160707.459:ERROR:process_metrics.cc(105)] NOT IMPLEMENTED
Feb 16, 2018 16:07:07.45 [3632:3564:0216/160707.459:ERROR:process_metrics.cc(105)] NOT IMPLEMENTED
Feb 16, 2018 16:07:07.45 [3632:3564:0216/160707.459:ERROR:process_metrics.cc(105)] NOT IMPLEMENTED
Feb 16, 2018 16:07:07.45 [3632:3564:0216/160707.459:ERROR:process_metrics.cc(105)] NOT IMPLEMENTED
Feb 16, 2018 16:09:07.46 [3632:3564:0216/160907.463:ERROR:process_metrics.cc(105)] NOT IMPLEMENTED
Feb 16, 2018 16:09:07.46 [3632:3564:0216/160907.463:ERROR:process_metrics.cc(105)] NOT IMPLEMENTED
Feb 16, 2018 16:09:07.46 [3632:3564:0216/160907.463:ERROR:process_metrics.cc(105)] NOT IMPLEMENTED
Feb 16, 2018 16:09:07.46 [3632:3564:0216/160907.463:ERROR:process_metrics.cc(105)] NOT IMPLEMENTED
Feb 16, 2018 16:09:07.47 [3632:3564:0216/160907.463:ERROR:process_metrics.cc(105)] NOT IMPLEMENTED
Feb 16, 2018 16:09:07.47 [3632:3564:0216/160907.463:ERROR:process_metrics.cc(105)] NOT IMPLEMENTED
Feb 16, 2018 16:09:07.47 [3632:3564:0216/160907.463:ERROR:process_metrics.cc(105)] NOT IMPLEMENTED
Feb 16, 2018 16:09:07.47 [3632:3564:0216/160907.463:ERROR:process_metrics.cc(105)] NOT IMPLEMENTED
Feb 16, 2018 16:11:07.46 [3632:3564:0216/161107.466:ERROR:process_metrics.cc(105)] NOT IMPLEMENTED
Feb 16, 2018 16:11:07.46 [3632:3564:0216/161107.466:ERROR:process_metrics.cc(105)] NOT IMPLEMENTED
Feb 16, 2018 16:11:07.46 [3632:3564:0216/161107.466:ERROR:process_metrics.cc(105)] NOT IMPLEMENTED
Feb 16, 2018 16:11:07.46 [3632:3564:0216/161107.466:ERROR:process_metrics.cc(105)] NOT IMPLEMENTED
Feb 16, 2018 16:11:07.46 [3632:3564:0216/161107.466:ERROR:process_metrics.cc(105)] NOT IMPLEMENTED
Feb 16, 2018 16:11:07.46 [3632:3564:0216/161107.466:ERROR:process_metrics.cc(105)] NOT IMPLEMENTED
Feb 16, 2018 16:11:07.46 [3632:3564:0216/161107.466:ERROR:process_metrics.cc(105)] NOT IMPLEMENTED
Feb 16, 2018 16:11:07.46 [3632:3564:0216/161107.466:ERROR:process_metrics.cc(105)] NOT IMPLEMENTED
